#
# There is insufficient memory for the Java Runtime Environment to continue.
# Native memory allocation (malloc) failed to allocate 1048576 bytes for AllocateHeap
# Possible reasons:
#   The system is out of physical RAM or swap space
#   The process is running with CompressedOops enabled, and the Java Heap may be blocking the growth of the native heap
# Possible solutions:
#   Reduce memory load on the system
#   Increase physical memory or swap space
#   Check if swap backing store is full
#   Decrease Java heap size (-Xmx/-Xms)
#   Decrease number of Java threads
#   Decrease Java thread stack sizes (-Xss)
#   Set larger code cache with -XX:ReservedCodeCacheSize=
#   JVM is running with Unscaled Compressed Oops mode in which the Java heap is
#     placed in the first 4GB address space. The Java Heap base address is the
#     maximum limit for the native heap growth. Please use -XX:HeapBaseMinAddress
#     to set the Java Heap base and to place the Java Heap above 4GB virtual address.
# This output file may be truncated or incomplete.
#
#  Out of Memory Error (allocation.cpp:44), pid=26832, tid=13648
#
# JRE version:  (17.0.8.1+1) (build )
# Java VM: OpenJDK 64-Bit Server VM (17.0.8.1+1-LTS, mixed mode, sharing, tiered, compressed oops, compressed class ptrs, g1 gc, windows-amd64)
# No core dump will be written. Minidumps are not enabled by default on client versions of Windows
#

---------------  S U M M A R Y ------------

Command Line: 

Host: AMD Ryzen 5 5625U with Radeon Graphics         , 12 cores, 7G,  Windows 11 , 64 bit Build 22621 (10.0.22621.3235)
Time: Wed Apr 24 10:00:35 2024 GMT Summer Time elapsed time: 0.090716 seconds (0d 0h 0m 0s)

---------------  T H R E A D  ---------------

Current thread (0x000001edd111e7c0):  JavaThread "Unknown thread" [_thread_in_vm, id=13648, stack(0x0000008fb4700000,0x0000008fb4800000)]

Stack: [0x0000008fb4700000,0x0000008fb4800000]
Native frames: (J=compiled Java code, j=interpreted, Vv=VM code, C=native code)
V  [jvm.dll+0x67bf3a]
V  [jvm.dll+0x83a024]
V  [jvm.dll+0x83b7ce]
V  [jvm.dll+0x83be33]
V  [jvm.dll+0x24785f]
V  [jvm.dll+0xa6b2b]
V  [jvm.dll+0x2dbb14]
V  [jvm.dll+0x80bc6c]
V  [jvm.dll+0x36df61]
V  [jvm.dll+0x7eafac]
V  [jvm.dll+0x3f0c8f]
V  [jvm.dll+0x3f28a1]
C  [jli.dll+0x528f]
C  [ucrtbase.dll+0x29363]
C  [KERNEL32.DLL+0x1257d]
C  [ntdll.dll+0x5aa58]


---------------  P R O C E S S  ---------------

Threads class SMR info:
_java_thread_list=0x00007ffb28d43058, length=0, elements={
}

Java Threads: ( => current thread )

Other Threads:

=>0x000001edd111e7c0 (exited) JavaThread "Unknown thread" [_thread_in_vm, id=13648, stack(0x0000008fb4700000,0x0000008fb4800000)]

Threads with active compile tasks:

VM state: not at safepoint (not fully initialized)

VM Mutex/Monitor currently owned by a thread: None

Heap address: 0x0000000000000000, size: 0 MB, Compressed Oops mode: 32-bit

CDS archive(s) mapped at: [0x0000000000000000-0x0000000000000000-0x0000000000000000), size 0, SharedBaseAddress: 0x0000000800000000, ArchiveRelocationMode: 1.
Narrow klass base: 0x0000000000000000, Narrow klass shift: 0, Narrow klass range: 0x0

GC Precious Log:
<Empty>

GC Heap History (0 events):
No events

Dll operation events (1 events):
Event: 0.047 Loaded shared library C:\Program Files (x86)\Android\openjdk\jdk-17.0.8.101-hotspot\bin\java.dll

Deoptimization events (0 events):
No events

Classes unloaded (0 events):
No events

Classes redefined (0 events):
No events

Internal exceptions (0 events):
No events

VM Operations (0 events):
No events

Events (0 events):
No events


Dynamic libraries:
0x00007ff79cfd0000 - 0x00007ff79cfde000 	C:\Program Files (x86)\Android\openjdk\jdk-17.0.8.101-hotspot\bin\java.exe
0x00007ffc50d70000 - 0x00007ffc50f86000 	C:\windows\SYSTEM32\ntdll.dll
0x00007ffc4fdd0000 - 0x00007ffc4fe94000 	C:\windows\System32\KERNEL32.DLL
0x00007ffc4e710000 - 0x00007ffc4eab6000 	C:\windows\System32\KERNELBASE.dll
0x00007ffc4e240000 - 0x00007ffc4e351000 	C:\windows\System32\ucrtbase.dll
0x00007ffc216b0000 - 0x00007ffc216cb000 	C:\Program Files (x86)\Android\openjdk\jdk-17.0.8.101-hotspot\bin\VCRUNTIME140.dll
0x00007ffc26770000 - 0x00007ffc26787000 	C:\Program Files (x86)\Android\openjdk\jdk-17.0.8.101-hotspot\bin\jli.dll
0x00007ffc50a20000 - 0x00007ffc50bcd000 	C:\windows\System32\USER32.dll
0x00007ffc4e150000 - 0x00007ffc4e176000 	C:\windows\System32\win32u.dll
0x00007ffc4fd40000 - 0x00007ffc4fd69000 	C:\windows\System32\GDI32.dll
0x00007ffc4d440000 - 0x00007ffc4d6d3000 	C:\windows\WinSxS\amd64_microsoft.windows.common-controls_6595b64144ccf1df_6.0.22621.3235_none_270f74e173860f98\COMCTL32.dll
0x00007ffc4e360000 - 0x00007ffc4e478000 	C:\windows\System32\gdi32full.dll
0x00007ffc4e0b0000 - 0x00007ffc4e14a000 	C:\windows\System32\msvcp_win.dll
0x00007ffc50960000 - 0x00007ffc50a07000 	C:\windows\System32\msvcrt.dll
0x00007ffc50570000 - 0x00007ffc505a1000 	C:\windows\System32\IMM32.DLL
0x00007ffc45b00000 - 0x00007ffc45b0c000 	C:\Program Files (x86)\Android\openjdk\jdk-17.0.8.101-hotspot\bin\vcruntime140_1.dll
0x00007ffbf8250000 - 0x00007ffbf82dd000 	C:\Program Files (x86)\Android\openjdk\jdk-17.0.8.101-hotspot\bin\msvcp140.dll
0x00007ffb28210000 - 0x00007ffb28e75000 	C:\Program Files (x86)\Android\openjdk\jdk-17.0.8.101-hotspot\bin\server\jvm.dll
0x00007ffc505b0000 - 0x00007ffc50662000 	C:\windows\System32\ADVAPI32.dll
0x00007ffc50680000 - 0x00007ffc50728000 	C:\windows\System32\sechost.dll
0x00007ffc4e480000 - 0x00007ffc4e4a8000 	C:\windows\System32\bcrypt.dll
0x00007ffc50840000 - 0x00007ffc50955000 	C:\windows\System32\RPCRT4.dll
0x00007ffc44d90000 - 0x00007ffc44dc4000 	C:\windows\SYSTEM32\WINMM.dll
0x00007ffc4c9b0000 - 0x00007ffc4c9ba000 	C:\windows\SYSTEM32\VERSION.dll
0x00007ffc4d9d0000 - 0x00007ffc4da1d000 	C:\windows\SYSTEM32\POWRPROF.dll
0x00007ffc2f6d0000 - 0x00007ffc2f6d9000 	C:\windows\SYSTEM32\WSOCK32.dll
0x00007ffc50490000 - 0x00007ffc50501000 	C:\windows\System32\WS2_32.dll
0x00007ffc4d880000 - 0x00007ffc4d893000 	C:\windows\SYSTEM32\UMPDC.dll
0x00007ffc4c140000 - 0x00007ffc4c158000 	C:\windows\SYSTEM32\kernel.appcore.dll
0x00007ffc42790000 - 0x00007ffc4279a000 	C:\Program Files (x86)\Android\openjdk\jdk-17.0.8.101-hotspot\bin\jimage.dll
0x00007ffc4da20000 - 0x00007ffc4dc53000 	C:\windows\SYSTEM32\DBGHELP.DLL
0x00007ffc4f040000 - 0x00007ffc4f3c8000 	C:\windows\System32\combase.dll
0x00007ffc4ef60000 - 0x00007ffc4f037000 	C:\windows\System32\OLEAUT32.dll
0x00007ffc4d8c0000 - 0x00007ffc4d8f2000 	C:\windows\SYSTEM32\dbgcore.DLL
0x00007ffc4e4b0000 - 0x00007ffc4e52a000 	C:\windows\System32\bcryptPrimitives.dll
0x00007ffc21680000 - 0x00007ffc216a5000 	C:\Program Files (x86)\Android\openjdk\jdk-17.0.8.101-hotspot\bin\java.dll

dbghelp: loaded successfully - version: 4.0.5 - missing functions: none
symbol engine: initialized successfully - sym options: 0x614 - pdb path: .;C:\Program Files (x86)\Android\openjdk\jdk-17.0.8.101-hotspot\bin;C:\windows\SYSTEM32;C:\windows\WinSxS\amd64_microsoft.windows.common-controls_6595b64144ccf1df_6.0.22621.3235_none_270f74e173860f98;C:\Program Files (x86)\Android\openjdk\jdk-17.0.8.101-hotspot\bin\server

VM Arguments:
java_command: <unknown>
java_class_path (initial): <not set>
Launcher Type: SUN_STANDARD

[Global flags]
     intx CICompilerCount                          = 4                                         {product} {ergonomic}
     uint ConcGCThreads                            = 3                                         {product} {ergonomic}
     uint G1ConcRefinementThreads                  = 10                                        {product} {ergonomic}
   size_t G1HeapRegionSize                         = 1048576                                   {product} {ergonomic}
    uintx GCDrainStackTargetSize                   = 64                                        {product} {ergonomic}
   size_t InitialHeapSize                          = 123731968                                 {product} {ergonomic}
   size_t MarkStackSize                            = 4194304                                   {product} {ergonomic}
   size_t MaxHeapSize                              = 1973420032                                {product} {ergonomic}
   size_t MinHeapDeltaBytes                        = 1048576                                   {product} {ergonomic}
   size_t MinHeapSize                              = 8388608                                   {product} {ergonomic}
    uintx NonNMethodCodeHeapSize                   = 5839372                                {pd product} {ergonomic}
    uintx NonProfiledCodeHeapSize                  = 122909434                              {pd product} {ergonomic}
    uintx ProfiledCodeHeapSize                     = 122909434                              {pd product} {ergonomic}
    uintx ReservedCodeCacheSize                    = 251658240                              {pd product} {ergonomic}
     bool SegmentedCodeCache                       = true                                      {product} {ergonomic}
   size_t SoftMaxHeapSize                          = 1973420032                             {manageable} {ergonomic}
     bool UseCompressedClassPointers               = true                           {product lp64_product} {ergonomic}
     bool UseCompressedOops                        = true                           {product lp64_product} {ergonomic}
     bool UseG1GC                                  = true                                      {product} {ergonomic}
     bool UseLargePagesIndividualAllocation        = false                                  {pd product} {ergonomic}

Logging:
Log output configuration:
 #0: stdout all=warning uptime,level,tags
 #1: stderr all=off uptime,level,tags

Environment Variables:
JAVA_HOME=C:\Program Files (x86)\Android\openjdk\jdk-17.0.8.101-hotspot
PATH=C:\Program Files (x86)\Android\openjdk\jdk-17.0.8.101-hotspot\bin;C:\Program Files\Python312\Scripts\;C:\Program Files\Python312\;C:\Program Files (x86)\Common Files\Oracle\Java\javapath;C:\Ruby32-x64\bin;C:\Program Files\Common Files\Oracle\Java\javapath\PostgreSQL;C:\Program Files\Eclipse Adoptium\jdk-21.0.1.12-hotspot\bin;C:\windows\system32;C:\windows;C:\windows\System32\Wbem;C:\windows\System32\WindowsPowerShell\v1.0\;C:\windows\System32\OpenSSH\;C:\xampp\php;C:\ProgramData\ComposerSetup\bin;C:\Program Files\Docker\Docker\resources\bin;C:\Users\ishea\AppData\Roaming\nvm;C:\Program Files\nodejs;C:\Program Files\dotnet\;C:\Program Files\nodejs\;C:\Program Files\Microsoft SQL Server\150\Tools\Binn\;C:\Program Files\Microsoft SQL Server\Client SDK\ODBC\170\Tools\Binn\;C:\Ruby32-x64\bin\OnlineClothingApp\.rbenv\bin;C:\Ruby32-x64\bin\OnlineClothingApp\.rbenv\plugins\ruby-build\bin;C:\Program Files (x86)\Microsoft VS Code\bin;C:\Program Files (x86)\Microsoft SQL Server\160\DTS\Binn\;C:\Program Files\Azure Data Studio\bin;C:\Program Files (x86)\Microsoft SQL Server\160\Tools\Binn\;C:\Program Files\Microsoft SQL Server\160\Tools\Binn\;C:\Program Files\Microsoft SQL Server\160\DTS\Binn\;C:\Program Files (x86)\Android\android-sdk\platform-tools;C:\gradle-8.4\bin;C:\jdk-21.0.1\bin;C:\jdk-21.0.1\bin;C:\Program Files\Git\cmd;C:\flutter\bin;C:\Program Files\MySQL\MySQL Shell 8.0\bin\;C:\Users\ishea\scoop\shims;C:\windows\System;C:\Users\ishea\AppData\Local\Programs\Microsoft VS Code\bin;C:\Users\ishea\.dotnet\tools;PS C:\Users\ishea\appdata\local\android\sdk\platform-tools;C:\Users\ishea\AppData\Local\Android\Sdk;C:\Users\ishea\AppData\Local\Android\Sdk\platform-tools
USERNAME=ishea
OS=Windows_NT
PROCESSOR_IDENTIFIER=AMD64 Family 25 Model 80 Stepping 0, AuthenticAMD
TMP=C:\Users\ishea\AppData\Local\Temp
TEMP=C:\Users\ishea\AppData\Local\Temp



---------------  S Y S T E M  ---------------

OS:
 Windows 11 , 64 bit Build 22621 (10.0.22621.3235)
OS uptime: 2 days 16:49 hours
Hyper-V role detected

CPU: total 12 (initial active 12) (12 cores per cpu, 2 threads per core) family 25 model 80 stepping 0 microcode 0x0, cx8, cmov, fxsr, ht, mmx, 3dnowpref, sse, sse2, sse3, ssse3, sse4a, sse4.1, sse4.2, popcnt, lzcnt, tsc, tscinvbit, avx, avx2, aes, erms, clmul, bmi1, bmi2, adx, sha, fma, vzeroupper, clflush, clflushopt, hv
Processor Information for processor 0
  Max Mhz: 2301, Current Mhz: 2301, Mhz Limit: 2301
Processor Information for processor 1
  Max Mhz: 2301, Current Mhz: 2301, Mhz Limit: 2301
Processor Information for processor 2
  Max Mhz: 2301, Current Mhz: 2301, Mhz Limit: 2301
Processor Information for processor 3
  Max Mhz: 2301, Current Mhz: 2301, Mhz Limit: 2301
Processor Information for processor 4
  Max Mhz: 2301, Current Mhz: 2301, Mhz Limit: 2301
Processor Information for processor 5
  Max Mhz: 2301, Current Mhz: 2301, Mhz Limit: 2301
Processor Information for processor 6
  Max Mhz: 2301, Current Mhz: 2301, Mhz Limit: 2301
Processor Information for processor 7
  Max Mhz: 2301, Current Mhz: 2301, Mhz Limit: 2301
Processor Information for processor 8
  Max Mhz: 2301, Current Mhz: 1798, Mhz Limit: 2301
Processor Information for processor 9
  Max Mhz: 2301, Current Mhz: 2301, Mhz Limit: 2301
Processor Information for processor 10
  Max Mhz: 2301, Current Mhz: 2301, Mhz Limit: 2301
Processor Information for processor 11
  Max Mhz: 2301, Current Mhz: 2301, Mhz Limit: 2301

Memory: 4k page, system-wide physical 7520M (3M free)
TotalPageFile size 31072M (AvailPageFile size 9M)
current process WorkingSet (physical memory assigned to process): 10M, peak: 10M
current process commit charge ("private bytes"): 14M, peak: 15M

vm_info: OpenJDK 64-Bit Server VM (17.0.8.1+1-LTS) for windows-amd64 JRE (17.0.8.1+1-LTS), built on Aug 23 2023 17:38:52 by "MicrosoftCorporation" with MS VC++ 16.10 / 16.11 (VS2019)

END.
